This is pdfTeX, Version 3.141592653-2.6-1.40.27 (MiKTeX 25.4) (preloaded format=pdflatex 2026.4.13)  14 APR 2026 16:33
entering extended mode
 \write18 enabled.
 %&-line parsing enabled.
**./main.tex
(main.tex
LaTeX2e <2025-06-01> patch level 1
L3 programming layer <2025-09-02>
(setup/obnzip2.cls
Document Class: setup/obnzip2 2026/03/02 Template do OBNZip II
(C:\Program Files\MiKTeX\tex/latex/base\article.cls
Document Class: article 2025/01/22 v1.4n Standard LaTeX document class
(C:\Program Files\MiKTeX\tex/latex/base\size10.clo
File: size10.clo 2025/01/22 v1.4n Standard LaTeX file (size option)
)
\c@part=\count275
\c@section=\count276
\c@subsection=\count277
\c@subsubsection=\count278
\c@paragraph=\count279
\c@subparagraph=\count280
\c@figure=\count281
\c@table=\count282
\abovecaptionskip=\skip49
\belowcaptionskip=\skip50
\bibindent=\dimen148
)
(C:\Program Files\MiKTeX\tex/latex/base\inputenc.sty
Package: inputenc 2024/02/08 v1.3d Input encoding file
\inpenc@prehook=\toks17
\inpenc@posthook=\toks18
)
(C:\Program Files\MiKTeX\tex/latex/base\fontenc.sty
Package: fontenc 2024/12/21 v2.1c Standard LaTeX package
)
(C:\Program Files\MiKTeX\tex/generic/babel\babel.sty
Package: babel 2025/10/01 v25.13 The multilingual framework for LuaLaTeX, pdfLa
TeX and XeLaTeX
\babel@savecnt=\count283
LaTeX Encoding Info:    Redeclaring text command \ij (encoding OT1) on input li
ne 2045.
LaTeX Encoding Info:    Redeclaring text command \IJ (encoding OT1) on input li
ne 2047.
LaTeX Encoding Info:    Redeclaring text command \ij (encoding T1) on input lin
e 2049.
LaTeX Encoding Info:    Redeclaring text command \IJ (encoding T1) on input lin
e 2050.
LaTeX Encoding Info:    Ignoring declaration for text command \ij (encoding ?) 
on input line 2051.
LaTeX Encoding Info:    Ignoring declaration for text command \IJ (encoding ?) 
on input line 2053.
LaTeX Encoding Info:    Ignoring declaration for text command \SS (encoding ?) 
on input line 2078.
\U@D=\dimen149
\l@unhyphenated=\language79

(C:\Program Files\MiKTeX\tex/generic/babel\txtbabel.def)
\bbl@readstream=\read2
\bbl@dirlevel=\count284

*************************************
* Local config file bblopts.cfg used
*
(C:\Program Files\MiKTeX\tex/latex/arabi\bblopts.cfg
File: bblopts.cfg 2005/09/08 v0.1 add Arabic and Farsi to "declared" options of
 babel
)
(C:\Users\VitorLISHA\AppData\Roaming\MiKTeX\tex/latex/babel-portuges\brazilian.
ldf
Language: portuges 2026/01/24 v1.2u Portuguese support from the babel system
 (C:\Program Files\MiKTeX\tex/generic/babel/locale/pt\babel-brazilian.tex
Package babel Info: Importing font and identification data for brazilian
(babel)             from babel-pt-BR.ini. Reported on input line 12.
)
Package babel Info: Hyphen rules for 'brazilian' set to \l@portuguese
(babel)             (\language56). Reported on input line 100.
Package babel Info: Making " an active character on input line 132.
)) (C:\Program Files\MiKTeX\tex/latex/amsmath\amsmath.sty
Package: amsmath 2025/06/16 v2.17y AMS math features
\@mathmargin=\skip51

For additional information on amsmath, use the `?' option.
(C:\Program Files\MiKTeX\tex/latex/amsmath\amstext.sty
Package: amstext 2024/11/17 v2.01 AMS text

(C:\Program Files\MiKTeX\tex/latex/amsmath\amsgen.sty
File: amsgen.sty 1999/11/30 v2.0 generic functions
\@emptytoks=\toks19
\ex@=\dimen150
))
(C:\Program Files\MiKTeX\tex/latex/amsmath\amsbsy.sty
Package: amsbsy 1999/11/29 v1.2d Bold Symbols
\pmbraise@=\dimen151
)
(C:\Program Files\MiKTeX\tex/latex/amsmath\amsopn.sty
Package: amsopn 2022/04/08 v2.04 operator names
)
\inf@bad=\count285
LaTeX Info: Redefining \frac on input line 233.
\uproot@=\count286
\leftroot@=\count287
LaTeX Info: Redefining \overline on input line 398.
LaTeX Info: Redefining \colon on input line 409.
\classnum@=\count288
\DOTSCASE@=\count289
LaTeX Info: Redefining \ldots on input line 495.
LaTeX Info: Redefining \dots on input line 498.
LaTeX Info: Redefining \cdots on input line 619.
\Mathstrutbox@=\box53
\strutbox@=\box54
LaTeX Info: Redefining \big on input line 721.
LaTeX Info: Redefining \Big on input line 722.
LaTeX Info: Redefining \bigg on input line 723.
LaTeX Info: Redefining \Bigg on input line 724.
\big@size=\dimen152
LaTeX Font Info:    Redeclaring font encoding OML on input line 742.
LaTeX Font Info:    Redeclaring font encoding OMS on input line 743.
\macc@depth=\count290
LaTeX Info: Redefining \bmod on input line 904.
LaTeX Info: Redefining \pmod on input line 909.
LaTeX Info: Redefining \smash on input line 939.
LaTeX Info: Redefining \relbar on input line 969.
LaTeX Info: Redefining \Relbar on input line 970.
\c@MaxMatrixCols=\count291
\dotsspace@=\muskip17
\c@parentequation=\count292
\dspbrk@lvl=\count293
\tag@help=\toks20
\row@=\count294
\column@=\count295
\maxfields@=\count296
\andhelp@=\toks21
\eqnshift@=\dimen153
\alignsep@=\dimen154
\tagshift@=\dimen155
\tagwidth@=\dimen156
\totwidth@=\dimen157
\lineht@=\dimen158
\@envbody=\toks22
\multlinegap=\skip52
\multlinetaggap=\skip53
\mathdisplay@stack=\toks23
LaTeX Info: Redefining \[ on input line 2949.
LaTeX Info: Redefining \] on input line 2950.
)
(C:\Program Files\MiKTeX\tex/latex/amsfonts\amsfonts.sty
Package: amsfonts 2013/01/14 v3.01 Basic AMSFonts support
\symAMSa=\mathgroup4
\symAMSb=\mathgroup5
LaTeX Font Info:    Redeclaring math symbol \hbar on input line 98.
LaTeX Font Info:    Overwriting math alphabet `\mathfrak' in version `bold'
(Font)                  U/euf/m/n --> U/euf/b/n on input line 106.
)
(C:\Users\VitorLISHA\AppData\Roaming\MiKTeX\tex/latex/amscls\amsthm.sty
Package: amsthm 2020/05/29 v2.20.6
\thm@style=\toks24
\thm@bodyfont=\toks25
\thm@headfont=\toks26
\thm@notefont=\toks27
\thm@headpunct=\toks28
\thm@preskip=\skip54
\thm@postskip=\skip55
\thm@headsep=\skip56
\dth@everypar=\toks29
)
(C:\Users\VitorLISHA\AppData\Roaming\MiKTeX\tex/latex/geometry\geometry.sty
Package: geometry 2020/01/02 v5.9 Page Geometry

(C:\Program Files\MiKTeX\tex/latex/graphics\keyval.sty
Package: keyval 2022/05/29 v1.15 key=value parser (DPC)
\KV@toks@=\toks30
)
(C:\Program Files\MiKTeX\tex/generic/iftex\ifvtex.sty
Package: ifvtex 2019/10/25 v1.7 ifvtex legacy package. Use iftex instead.

(C:\Program Files\MiKTeX\tex/generic/iftex\iftex.sty
Package: iftex 2024/12/12 v1.0g TeX engine tests
))
\Gm@cnth=\count297
\Gm@cntv=\count298
\c@Gm@tempcnt=\count299
\Gm@bindingoffset=\dimen159
\Gm@wd@mp=\dimen160
\Gm@odd@mp=\dimen161
\Gm@even@mp=\dimen162
\Gm@layoutwidth=\dimen163
\Gm@layoutheight=\dimen164
\Gm@layouthoffset=\dimen165
\Gm@layoutvoffset=\dimen166
\Gm@dimlist=\toks31

(C:\Users\VitorLISHA\AppData\Roaming\MiKTeX\tex/latex/geometry\geometry.cfg))
(C:\Program Files\MiKTeX\tex/latex/hyperref\hyperref.sty
Package: hyperref 2025-07-12 v7.01o Hypertext links for LaTeX

(C:\Users\VitorLISHA\AppData\Roaming\MiKTeX\tex/latex/kvsetkeys\kvsetkeys.sty
Package: kvsetkeys 2022-10-05 v1.19 Key value parser (HO)
)
(C:\Users\VitorLISHA\AppData\Roaming\MiKTeX\tex/generic/kvdefinekeys\kvdefineke
ys.sty
Package: kvdefinekeys 2019-12-19 v1.6 Define keys (HO)
)
(C:\Users\VitorLISHA\AppData\Roaming\MiKTeX\tex/generic/pdfescape\pdfescape.sty
Package: pdfescape 2019/12/09 v1.15 Implements pdfTeX's escape features (HO)
(C:\Users\VitorLISHA\AppData\Roaming\MiKTeX\tex/generic/ltxcmds\ltxcmds.sty
Package: ltxcmds 2023-12-04 v1.26 LaTeX kernel commands for general use (HO)
)
(C:\Program Files\MiKTeX\tex/generic/pdftexcmds\pdftexcmds.sty
Package: pdftexcmds 2020-06-27 v0.33 Utility functions of pdfTeX for LuaTeX (HO
)

(C:\Users\VitorLISHA\AppData\Roaming\MiKTeX\tex/generic/infwarerr\infwarerr.sty
Package: infwarerr 2019/12/03 v1.5 Providing info/warning/error messages (HO)
)
Package pdftexcmds Info: \pdf@primitive is available.
Package pdftexcmds Info: \pdf@ifprimitive is available.
Package pdftexcmds Info: \pdfdraftmode found.
)) (C:\Users\VitorLISHA\AppData\Roaming\MiKTeX\tex/latex/hycolor\hycolor.sty
Package: hycolor 2020-01-27 v1.10 Color options for hyperref/bookmark (HO)
)
(C:\Program Files\MiKTeX\tex/latex/hyperref\nameref.sty
Package: nameref 2025-06-21 v2.57 Cross-referencing by name of section

(C:\Users\VitorLISHA\AppData\Roaming\MiKTeX\tex/latex/refcount\refcount.sty
Package: refcount 2019/12/15 v3.6 Data extraction from label references (HO)
)
(C:\Users\VitorLISHA\AppData\Roaming\MiKTeX\tex/generic/gettitlestring\gettitle
string.sty
Package: gettitlestring 2019/12/15 v1.6 Cleanup title references (HO)

(C:\Users\VitorLISHA\AppData\Roaming\MiKTeX\tex/latex/kvoptions\kvoptions.sty
Package: kvoptions 2022-06-15 v3.15 Key value format for package options (HO)
))
\c@section@level=\count300
) (C:\Program Files\MiKTeX\tex/latex/etoolbox\etoolbox.sty
Package: etoolbox 2025/10/02 v2.5m e-TeX tools for LaTeX (JAW)
\etb@tempcnta=\count301
)
(C:\Users\VitorLISHA\AppData\Roaming\MiKTeX\tex/generic/stringenc\stringenc.sty
Package: stringenc 2019/11/29 v1.12 Convert strings between diff. encodings (HO
)
)
\@linkdim=\dimen167
\Hy@linkcounter=\count302
\Hy@pagecounter=\count303
 (C:\Program Files\MiKTeX\tex/latex/hyperref\pd1enc.def
File: pd1enc.def 2025-07-12 v7.01o Hyperref: PDFDocEncoding definition (HO)
Now handling font encoding PD1 ...
... no UTF-8 mapping file for font encoding PD1
)
(C:\Users\VitorLISHA\AppData\Roaming\MiKTeX\tex/generic/intcalc\intcalc.sty
Package: intcalc 2019/12/15 v1.3 Expandable calculations with integers (HO)
)
\Hy@SavedSpaceFactor=\count304

(C:\Program Files\MiKTeX\tex/latex/hyperref\puenc.def
File: puenc.def 2025-07-12 v7.01o Hyperref: PDF Unicode definition (HO)
Now handling font encoding PU ...
... no UTF-8 mapping file for font encoding PU
)
Package hyperref Info: Option `colorlinks' set `true' on input line 4066.
Package hyperref Info: Hyper figures OFF on input line 4195.
Package hyperref Info: Link nesting OFF on input line 4200.
Package hyperref Info: Hyper index ON on input line 4203.
Package hyperref Info: Plain pages OFF on input line 4210.
Package hyperref Info: Backreferencing OFF on input line 4215.
Package hyperref Info: Implicit mode ON; LaTeX internals redefined.
Package hyperref Info: Bookmarks ON on input line 4462.
\c@Hy@tempcnt=\count305

(C:\Program Files\MiKTeX\tex/latex/url\url.sty
\Urlmuskip=\muskip18
Package: url 2013/09/16  ver 3.4  Verb mode for urls, etc.
)
LaTeX Info: Redefining \url on input line 4801.
\XeTeXLinkMargin=\dimen168

(C:\Users\VitorLISHA\AppData\Roaming\MiKTeX\tex/generic/bitset\bitset.sty
Package: bitset 2019/12/09 v1.3 Handle bit-vector datatype (HO)

(C:\Users\VitorLISHA\AppData\Roaming\MiKTeX\tex/generic/bigintcalc\bigintcalc.s
ty
Package: bigintcalc 2019/12/15 v1.5 Expandable calculations on big integers (HO
)
))
\Fld@menulength=\count306
\Field@Width=\dimen169
\Fld@charsize=\dimen170
Package hyperref Info: Hyper figures OFF on input line 6078.
Package hyperref Info: Link nesting OFF on input line 6083.
Package hyperref Info: Hyper index ON on input line 6086.
Package hyperref Info: backreferencing OFF on input line 6093.
Package hyperref Info: Link coloring ON on input line 6096.
Package hyperref Info: Link coloring with OCG OFF on input line 6103.
Package hyperref Info: PDF/A mode OFF on input line 6108.
\Hy@abspage=\count307
\c@Item=\count308
\c@Hfootnote=\count309
)
Package hyperref Info: Driver (autodetected): hpdftex.
 (C:\Program Files\MiKTeX\tex/latex/hyperref\hpdftex.def
File: hpdftex.def 2025-07-12 v7.01o Hyperref driver for pdfTeX
\Fld@listcount=\count310
\c@bookmark@seq@number=\count311

(C:\Users\VitorLISHA\AppData\Roaming\MiKTeX\tex/latex/rerunfilecheck\rerunfilec
heck.sty
Package: rerunfilecheck 2025-06-21 v1.11 Rerun checks for auxiliary files (HO)

(C:\Users\VitorLISHA\AppData\Roaming\MiKTeX\tex/generic/uniquecounter\uniquecou
nter.sty
Package: uniquecounter 2019/12/15 v1.4 Provide unlimited unique counter (HO)
)
Package uniquecounter Info: New unique counter `rerunfilecheck' on input line 2
84.
)
\Hy@SectionHShift=\skip57
)
(C:\Users\VitorLISHA\AppData\Roaming\MiKTeX\tex/latex/cleveref\cleveref.sty
Package: cleveref 2018/03/27 v0.21.4 Intelligent cross-referencing
Package cleveref Info: `hyperref' support loaded on input line 2370.
LaTeX Info: Redefining \cref on input line 2370.
LaTeX Info: Redefining \Cref on input line 2370.
LaTeX Info: Redefining \crefrange on input line 2370.
LaTeX Info: Redefining \Crefrange on input line 2370.
LaTeX Info: Redefining \cpageref on input line 2370.
LaTeX Info: Redefining \Cpageref on input line 2370.
LaTeX Info: Redefining \cpagerefrange on input line 2370.
LaTeX Info: Redefining \Cpagerefrange on input line 2370.
LaTeX Info: Redefining \labelcref on input line 2370.
LaTeX Info: Redefining \labelcpageref on input line 2370.
Package cleveref Info: `amsthm' support loaded on input line 3026.
Package cleveref Info: always capitalise cross-reference names on input line 78
30.
Package cleveref Info: include cross-reference names in hyperlinks on input lin
e 7836.
Package cleveref Info: include cross-reference names in hyperlinks on input lin
e 7852.
Package cleveref Info: always capitalise cross-reference names on input line 78
52.
)
==> First Aid for cleveref.sty applied!
(C:\Program Files\MiKTeX\tex/latex/l3packages/xparse\xparse.sty
(C:\Program Files\MiKTeX\tex/latex/l3kernel\expl3.sty
Package: expl3 2025-09-02 L3 programming layer (loader) 

(C:\Program Files\MiKTeX\tex/latex/l3backend\l3backend-pdftex.def
File: l3backend-pdftex.def 2025-06-09 L3 backend support: PDF output (pdfTeX)
\l__color_backend_stack_int=\count312
))
Package: xparse 2024-08-16 L3 Experimental document command parser
)
(C:\Program Files\MiKTeX\tex/latex/biblatex\biblatex.sty
Package: biblatex 2025/07/10 v3.21 programmable bibliographies (PK/MW)

(C:\Users\VitorLISHA\AppData\Roaming\MiKTeX\tex/latex/logreq\logreq.sty
Package: logreq 2010/08/04 v1.0 xml request logger
\lrq@indent=\count313

(C:\Users\VitorLISHA\AppData\Roaming\MiKTeX\tex/latex/logreq\logreq.def
File: logreq.def 2010/08/04 v1.0 logreq spec v1.0
))
(C:\Program Files\MiKTeX\tex/latex/base\ifthen.sty
Package: ifthen 2024/03/16 v1.1e Standard LaTeX ifthen package (DPC)
)
\c@tabx@nest=\count314
\c@listtotal=\count315
\c@listcount=\count316
\c@liststart=\count317
\c@liststop=\count318
\c@citecount=\count319
\c@citetotal=\count320
\c@multicitecount=\count321
\c@multicitetotal=\count322
\c@instcount=\count323
\c@maxnames=\count324
\c@minnames=\count325
\c@maxitems=\count326
\c@minitems=\count327
\c@citecounter=\count328
\c@maxcitecounter=\count329
\c@savedcitecounter=\count330
\c@uniquelist=\count331
\c@uniquename=\count332
\c@refsection=\count333
\c@refsegment=\count334
\c@maxextratitle=\count335
\c@maxextratitleyear=\count336
\c@maxextraname=\count337
\c@maxextradate=\count338
\c@maxextraalpha=\count339
\c@abbrvpenalty=\count340
\c@highnamepenalty=\count341
\c@lownamepenalty=\count342
\c@maxparens=\count343
\c@parenlevel=\count344
\blx@tempcnta=\count345
\blx@tempcntb=\count346
\blx@tempcntc=\count347
\c@blx@maxsection=\count348
\blx@maxsegment@0=\count349
\blx@notetype=\count350
\blx@parenlevel@text=\count351
\blx@parenlevel@foot=\count352
\blx@sectionciteorder@0=\count353
\blx@sectionciteorderinternal@0=\count354
\blx@entrysetcounter=\count355
\blx@biblioinstance=\count356
\labelnumberwidth=\skip58
\labelalphawidth=\skip59
\biblabelsep=\skip60
\bibitemsep=\skip61
\bibnamesep=\skip62
\bibinitsep=\skip63
\bibparsep=\skip64
\bibhang=\skip65
\blx@bcfin=\read3
\blx@bcfout=\write3
\blx@langwohyphens=\language80
\c@mincomprange=\count357
\c@maxcomprange=\count358
\c@mincompwidth=\count359
Package biblatex Info: Trying to load biblatex default data model...
Package biblatex Info: ... file 'blx-dm.def' found.

(C:\Program Files\MiKTeX\tex/latex/biblatex\blx-dm.def
File: blx-dm.def 2025/07/10 v3.21 biblatex datamodel (PK/MW)
)
Package biblatex Info: Trying to load biblatex style data model...
Package biblatex Info: ... file 'ieee.dbx' not found.
Package biblatex Info: Trying to load biblatex custom data model...
Package biblatex Info: ... file 'biblatex-dm.cfg' not found.
\c@afterword=\count360
\c@savedafterword=\count361
\c@annotator=\count362
\c@savedannotator=\count363
\c@author=\count364
\c@savedauthor=\count365
\c@bookauthor=\count366
\c@savedbookauthor=\count367
\c@commentator=\count368
\c@savedcommentator=\count369
\c@editor=\count370
\c@savededitor=\count371
\c@editora=\count372
\c@savededitora=\count373
\c@editorb=\count374
\c@savededitorb=\count375
\c@editorc=\count376
\c@savededitorc=\count377
\c@foreword=\count378
\c@savedforeword=\count379
\c@holder=\count380
\c@savedholder=\count381
\c@introduction=\count382
\c@savedintroduction=\count383
\c@namea=\count384
\c@savednamea=\count385
\c@nameb=\count386
\c@savednameb=\count387
\c@namec=\count388
\c@savednamec=\count389
\c@translator=\count390
\c@savedtranslator=\count391
\c@shortauthor=\count392
\c@savedshortauthor=\count393
\c@shorteditor=\count394
\c@savedshorteditor=\count395
\c@labelname=\count396
\c@savedlabelname=\count397
\c@institution=\count398
\c@savedinstitution=\count399
\c@lista=\count400
\c@savedlista=\count401
\c@listb=\count402
\c@savedlistb=\count403
\c@listc=\count404
\c@savedlistc=\count405
\c@listd=\count406
\c@savedlistd=\count407
\c@liste=\count408
\c@savedliste=\count409
\c@listf=\count410
\c@savedlistf=\count411
\c@location=\count412
\c@savedlocation=\count413
\c@organization=\count414
\c@savedorganization=\count415
\c@origlocation=\count416
\c@savedoriglocation=\count417
\c@origpublisher=\count418
\c@savedorigpublisher=\count419
\c@publisher=\count420
\c@savedpublisher=\count421
\c@language=\count422
\c@savedlanguage=\count423
\c@origlanguage=\count424
\c@savedoriglanguage=\count425
\c@pageref=\count426
\c@savedpageref=\count427
\shorthandwidth=\skip66
\shortjournalwidth=\skip67
\shortserieswidth=\skip68
\shorttitlewidth=\skip69
\shortauthorwidth=\skip70
\shorteditorwidth=\skip71
\locallabelnumberwidth=\skip72
\locallabelalphawidth=\skip73
\localshorthandwidth=\skip74
\localshortjournalwidth=\skip75
\localshortserieswidth=\skip76
\localshorttitlewidth=\skip77
\localshortauthorwidth=\skip78
\localshorteditorwidth=\skip79
Package biblatex Info: Trying to load compatibility code...
Package biblatex Info: ... file 'blx-compat.def' found.

(C:\Program Files\MiKTeX\tex/latex/biblatex\blx-compat.def
File: blx-compat.def 2025/07/10 v3.21 biblatex compatibility (PK/MW)
)
Package biblatex Info: Trying to load generic definitions...
Package biblatex Info: ... file 'biblatex.def' found.

(C:\Program Files\MiKTeX\tex/latex/biblatex\biblatex.def
File: biblatex.def 2025/07/10 v3.21 biblatex compatibility (PK/MW)
\c@textcitecount=\count428
\c@textcitetotal=\count429
\c@textcitemaxnames=\count430
\c@biburlbigbreakpenalty=\count431
\c@biburlbreakpenalty=\count432
\c@biburlnumpenalty=\count433
\c@biburlucpenalty=\count434
\c@biburllcpenalty=\count435
\biburlbigskip=\muskip19
\biburlnumskip=\muskip20
\biburlucskip=\muskip21
\biburllcskip=\muskip22
\c@smartand=\count436
)
Package biblatex Info: Trying to load bibliography style 'ieee'...
Package biblatex Info: ... file 'ieee.bbx' found.

(C:\Users\VitorLISHA\AppData\Roaming\MiKTeX\tex/latex/biblatex-ieee\ieee.bbx
File: ieee.bbx 2025-08-01 v1.4f biblatex bibliography style
Package biblatex Info: Trying to load bibliography style 'numeric-comp'...
Package biblatex Info: ... file 'numeric-comp.bbx' found.

(C:\Program Files\MiKTeX\tex/latex/biblatex/bbx\numeric-comp.bbx
File: numeric-comp.bbx 2025/07/10 v3.21 biblatex bibliography style (PK/MW)
Package biblatex Info: Trying to load bibliography style 'numeric'...
Package biblatex Info: ... file 'numeric.bbx' found.

(C:\Program Files\MiKTeX\tex/latex/biblatex/bbx\numeric.bbx
File: numeric.bbx 2025/07/10 v3.21 biblatex bibliography style (PK/MW)
Package biblatex Info: Trying to load bibliography style 'standard'...
Package biblatex Info: ... file 'standard.bbx' found.

(C:\Program Files\MiKTeX\tex/latex/biblatex/bbx\standard.bbx
File: standard.bbx 2025/07/10 v3.21 biblatex bibliography style (PK/MW)
\c@bbx:relatedcount=\count437
\c@bbx:relatedtotal=\count438
))))
Package biblatex Info: Trying to load citation style 'numeric-comp'...
Package biblatex Info: ... file 'numeric-comp.cbx' found.

(C:\Program Files\MiKTeX\tex/latex/biblatex/cbx\numeric-comp.cbx
File: numeric-comp.cbx 2025/07/10 v3.21 biblatex citation style (PK/MW)
\c@cbx@tempcnta=\count439
\c@cbx@tempcntb=\count440
\c@cbx@tempcntc=\count441
\c@cbx@tempcntd=\count442
Package biblatex Info: Redefining '\cite'.
Package biblatex Info: Redefining '\parencite'.
Package biblatex Info: Redefining '\footcite'.
Package biblatex Info: Redefining '\footcitetext'.
Package biblatex Info: Redefining '\smartcite'.
Package biblatex Info: Redefining '\supercite'.
Package biblatex Info: Redefining '\textcite'.
Package biblatex Info: Redefining '\textcites'.
Package biblatex Info: Redefining '\cites'.
Package biblatex Info: Redefining '\parencites'.
Package biblatex Info: Redefining '\smartcites'.
)
Package biblatex Info: Trying to load configuration file...
Package biblatex Info: ... file 'biblatex.cfg' found.

(C:\Program Files\MiKTeX\tex/latex/biblatex\biblatex.cfg
File: biblatex.cfg 
)
Package biblatex Info: Input encoding 'utf8' detected.
Package biblatex Info: Document encoding is UTF8 ....
Package biblatex Info: ... and expl3
(biblatex)             2025-09-02 L3 programming layer (loader) 
(biblatex)             is new enough (at least 2020/04/06),
(biblatex)             setting 'casechanger=expl3'.

(C:\Program Files\MiKTeX\tex/latex/biblatex\blx-case-expl3.sty
Package: blx-case-expl3 2025/07/10 v3.21 expl3 case changing code for biblatex
))
(C:\Program Files\MiKTeX\tex/latex/xcolor\xcolor.sty
Package: xcolor 2024/09/29 v3.02 LaTeX color extensions (UK)

(C:\Program Files\MiKTeX\tex/latex/graphics-cfg\color.cfg
File: color.cfg 2016/01/02 v1.6 sample color configuration
)
Package xcolor Info: Driver file: pdftex.def on input line 274.

(C:\Program Files\MiKTeX\tex/latex/graphics-def\pdftex.def
File: pdftex.def 2025/09/29 v1.2d Graphics/color driver for pdftex
)
(C:\Program Files\MiKTeX\tex/latex/graphics\mathcolor.ltx)
Package xcolor Info: Model `cmy' substituted by `cmy0' on input line 1349.
Package xcolor Info: Model `hsb' substituted by `rgb' on input line 1353.
Package xcolor Info: Model `RGB' extended on input line 1365.
Package xcolor Info: Model `HTML' substituted by `rgb' on input line 1367.
Package xcolor Info: Model `Hsb' substituted by `hsb' on input line 1368.
Package xcolor Info: Model `tHsb' substituted by `hsb' on input line 1369.
Package xcolor Info: Model `HSB' substituted by `hsb' on input line 1370.
Package xcolor Info: Model `Gray' substituted by `gray' on input line 1371.
Package xcolor Info: Model `wave' substituted by `hsb' on input line 1372.
)
(C:\Users\VitorLISHA\AppData\Roaming\MiKTeX\tex/latex/enumitem\enumitem.sty
Package: enumitem 2025/02/06 v3.11 Customized lists
\labelindent=\skip80
\enit@outerparindent=\dimen171
\enit@toks=\toks32
\enit@inbox=\box55
\enit@count@id=\count443
\enitdp@description=\count444
)
(C:\Program Files\MiKTeX\tex/latex/tools\calc.sty
Package: calc 2025/03/01 v4.3b Infix arithmetic (KKT,FJ)
\calc@Acount=\count445
\calc@Bcount=\count446
\calc@Adimen=\dimen172
\calc@Bdimen=\dimen173
\calc@Askip=\skip81
\calc@Bskip=\skip82
LaTeX Info: Redefining \setlength on input line 86.
LaTeX Info: Redefining \addtolength on input line 87.
\calc@Ccount=\count447
\calc@Cskip=\skip83
)
(C:\Program Files\MiKTeX\tex/latex/graphics\graphicx.sty
Package: graphicx 2024/12/31 v1.2e Enhanced LaTeX Graphics (DPC,SPQR)

(C:\Program Files\MiKTeX\tex/latex/graphics\graphics.sty
Package: graphics 2024/08/06 v1.4g Standard LaTeX Graphics (DPC,SPQR)

(C:\Program Files\MiKTeX\tex/latex/graphics\trig.sty
Package: trig 2023/12/02 v1.11 sin cos tan (DPC)
)
(C:\Program Files\MiKTeX\tex/latex/graphics-cfg\graphics.cfg
File: graphics.cfg 2016/06/04 v1.11 sample graphics configuration
)
Package graphics Info: Driver file: pdftex.def on input line 106.
)
\Gin@req@height=\dimen174
\Gin@req@width=\dimen175
)
(C:\Users\VitorLISHA\AppData\Roaming\MiKTeX\tex/latex/fancyhdr\fancyhdr.sty
Package: fancyhdr 2025/02/07 v5.2 Extensive control of page headers and footers

\f@nch@headwidth=\skip84
\f@nch@offset@elh=\skip85
\f@nch@offset@erh=\skip86
\f@nch@offset@olh=\skip87
\f@nch@offset@orh=\skip88
\f@nch@offset@elf=\skip89
\f@nch@offset@erf=\skip90
\f@nch@offset@olf=\skip91
\f@nch@offset@orf=\skip92
\f@nch@height=\skip93
\f@nch@footalignment=\skip94
\f@nch@widthL=\skip95
\f@nch@widthC=\skip96
\f@nch@widthR=\skip97
\@temptokenb=\toks33
)
(C:\Users\VitorLISHA\AppData\Roaming\MiKTeX\tex/latex/csquotes\csquotes.sty
Package: csquotes 2024-04-04 v5.2o context-sensitive quotations (JAW)
\csq@reset=\count448
\csq@gtype=\count449
\csq@glevel=\count450
\csq@qlevel=\count451
\csq@maxlvl=\count452
\csq@tshold=\count453
\csq@ltx@everypar=\toks34

(C:\Users\VitorLISHA\AppData\Roaming\MiKTeX\tex/latex/csquotes\csquotes.def
File: csquotes.def 2024-04-04 v5.2o csquotes generic definitions (JAW)
)
Package csquotes Info: Trying to load configuration file 'csquotes.cfg'...
Package csquotes Info: ... configuration file loaded successfully.

(C:\Users\VitorLISHA\AppData\Roaming\MiKTeX\tex/latex/csquotes\csquotes.cfg
File: csquotes.cfg 
))
(C:\Users\VitorLISHA\AppData\Roaming\MiKTeX\tex/latex/lipsum\lipsum.sty
(C:\Program Files\MiKTeX\tex/latex/l3packages/l3keys2e\l3keys2e.sty
Package: l3keys2e 2024-08-16 LaTeX2e option processing using LaTeX3 keys
)
Package: lipsum 2021-09-20 v2.7 150 paragraphs of Lorem Ipsum dummy text
\g__lipsum_par_int=\count454
\l__lipsum_a_int=\count455
\l__lipsum_b_int=\count456

(C:\Users\VitorLISHA\AppData\Roaming\MiKTeX\tex/latex/lipsum\lipsum.ltd.tex))
(C:\Program Files\MiKTeX\tex/latex/ragged2e\ragged2e.sty
Package: ragged2e 2023/06/22 v3.6 ragged2e Package
\CenteringLeftskip=\skip98
\RaggedLeftLeftskip=\skip99
\RaggedRightLeftskip=\skip100
\CenteringRightskip=\skip101
\RaggedLeftRightskip=\skip102
\RaggedRightRightskip=\skip103
\CenteringParfillskip=\skip104
\RaggedLeftParfillskip=\skip105
\RaggedRightParfillskip=\skip106
\JustifyingParfillskip=\skip107
\CenteringParindent=\skip108
\RaggedLeftParindent=\skip109
\RaggedRightParindent=\skip110
\JustifyingParindent=\skip111
)
\c@autores=\count457
\c@revisores=\count458

(setup/0.RelatorioInfo.tex))
(C:\Users\VitorLISHA\AppData\Roaming\MiKTeX\tex/latex/curtatex\curtatex.sty
Package: curtatex 2026/03/10 curtatex

(C:\Program Files\MiKTeX\tex/generic/iftex\ifluatex.sty
Package: ifluatex 2019/10/25 v1.5 ifluatex legacy package. Use iftex instead.
)
(C:\Program Files\MiKTeX\tex/generic/iftex\ifpdf.sty
Package: ifpdf 2019/10/25 v3.4 ifpdf legacy package. Use iftex instead.
)
(C:\Program Files\MiKTeX\tex/latex/pgf/frontendlayer\tikz.sty
(C:\Program Files\MiKTeX\tex/latex/pgf/basiclayer\pgf.sty
(C:\Program Files\MiKTeX\tex/latex/pgf/utilities\pgfrcs.sty
(C:\Program Files\MiKTeX\tex/generic/pgf/utilities\pgfutil-common.tex
\pgfutil@everybye=\toks35
\pgfutil@tempdima=\dimen176
\pgfutil@tempdimb=\dimen177
)
(C:\Program Files\MiKTeX\tex/generic/pgf/utilities\pgfutil-latex.def
\pgfutil@abb=\box56
)
(C:\Program Files\MiKTeX\tex/generic/pgf/utilities\pgfrcs.code.tex
(C:\Program Files\MiKTeX\tex/generic/pgf\pgf.revision.tex)
Package: pgfrcs 2025-08-29 v3.1.11a (3.1.11a)
))
Package: pgf 2025-08-29 v3.1.11a (3.1.11a)

(C:\Program Files\MiKTeX\tex/latex/pgf/basiclayer\pgfcore.sty
(C:\Program Files\MiKTeX\tex/latex/pgf/systemlayer\pgfsys.sty
(C:\Program Files\MiKTeX\tex/generic/pgf/systemlayer\pgfsys.code.tex
Package: pgfsys 2025-08-29 v3.1.11a (3.1.11a)

(C:\Program Files\MiKTeX\tex/generic/pgf/utilities\pgfkeys.code.tex
\pgfkeys@pathtoks=\toks36
\pgfkeys@temptoks=\toks37

(C:\Program Files\MiKTeX\tex/generic/pgf/utilities\pgfkeyslibraryfiltered.code.
tex
\pgfkeys@tmptoks=\toks38
))
\pgf@x=\dimen178
\pgf@y=\dimen179
\pgf@xa=\dimen180
\pgf@ya=\dimen181
\pgf@xb=\dimen182
\pgf@yb=\dimen183
\pgf@xc=\dimen184
\pgf@yc=\dimen185
\pgf@xd=\dimen186
\pgf@yd=\dimen187
\w@pgf@writea=\write4
\r@pgf@reada=\read4
\c@pgf@counta=\count459
\c@pgf@countb=\count460
\c@pgf@countc=\count461
\c@pgf@countd=\count462
\t@pgf@toka=\toks39
\t@pgf@tokb=\toks40
\t@pgf@tokc=\toks41
\pgf@sys@id@count=\count463
 (C:\Program Files\MiKTeX\tex/generic/pgf/systemlayer\pgf.cfg
File: pgf.cfg 2025-08-29 v3.1.11a (3.1.11a)
)
Driver file for pgf: pgfsys-pdftex.def

(C:\Program Files\MiKTeX\tex/generic/pgf/systemlayer\pgfsys-pdftex.def
File: pgfsys-pdftex.def 2025-08-29 v3.1.11a (3.1.11a)

(C:\Program Files\MiKTeX\tex/generic/pgf/systemlayer\pgfsys-common-pdf.def
File: pgfsys-common-pdf.def 2025-08-29 v3.1.11a (3.1.11a)
)))
(C:\Program Files\MiKTeX\tex/generic/pgf/systemlayer\pgfsyssoftpath.code.tex
File: pgfsyssoftpath.code.tex 2025-08-29 v3.1.11a (3.1.11a)
\pgfsyssoftpath@smallbuffer@items=\count464
\pgfsyssoftpath@bigbuffer@items=\count465
)
(C:\Program Files\MiKTeX\tex/generic/pgf/systemlayer\pgfsysprotocol.code.tex
File: pgfsysprotocol.code.tex 2025-08-29 v3.1.11a (3.1.11a)
))
(C:\Program Files\MiKTeX\tex/generic/pgf/basiclayer\pgfcore.code.tex
Package: pgfcore 2025-08-29 v3.1.11a (3.1.11a)

(C:\Program Files\MiKTeX\tex/generic/pgf/math\pgfmath.code.tex
(C:\Program Files\MiKTeX\tex/generic/pgf/math\pgfmathutil.code.tex)
(C:\Program Files\MiKTeX\tex/generic/pgf/math\pgfmathparser.code.tex
\pgfmath@dimen=\dimen188
\pgfmath@count=\count466
\pgfmath@box=\box57
\pgfmath@toks=\toks42
\pgfmath@stack@operand=\toks43
\pgfmath@stack@operation=\toks44
)
(C:\Program Files\MiKTeX\tex/generic/pgf/math\pgfmathfunctions.code.tex)
(C:\Program Files\MiKTeX\tex/generic/pgf/math\pgfmathfunctions.basic.code.tex)
(C:\Program Files\MiKTeX\tex/generic/pgf/math\pgfmathfunctions.trigonometric.co
de.tex)
(C:\Program Files\MiKTeX\tex/generic/pgf/math\pgfmathfunctions.random.code.tex)

(C:\Program Files\MiKTeX\tex/generic/pgf/math\pgfmathfunctions.comparison.code.
tex)
(C:\Program Files\MiKTeX\tex/generic/pgf/math\pgfmathfunctions.base.code.tex)
(C:\Program Files\MiKTeX\tex/generic/pgf/math\pgfmathfunctions.round.code.tex)
(C:\Program Files\MiKTeX\tex/generic/pgf/math\pgfmathfunctions.misc.code.tex)
(C:\Program Files\MiKTeX\tex/generic/pgf/math\pgfmathfunctions.integerarithmeti
cs.code.tex) (C:\Program Files\MiKTeX\tex/generic/pgf/math\pgfmathcalc.code.tex
) (C:\Program Files\MiKTeX\tex/generic/pgf/math\pgfmathfloat.code.tex
\c@pgfmathroundto@lastzeros=\count467
))
(C:\Program Files\MiKTeX\tex/generic/pgf/math\pgfint.code.tex)
(C:\Program Files\MiKTeX\tex/generic/pgf/basiclayer\pgfcorepoints.code.tex
File: pgfcorepoints.code.tex 2025-08-29 v3.1.11a (3.1.11a)
\pgf@picminx=\dimen189
\pgf@picmaxx=\dimen190
\pgf@picminy=\dimen191
\pgf@picmaxy=\dimen192
\pgf@pathminx=\dimen193
\pgf@pathmaxx=\dimen194
\pgf@pathminy=\dimen195
\pgf@pathmaxy=\dimen196
\pgf@xx=\dimen197
\pgf@xy=\dimen198
\pgf@yx=\dimen199
\pgf@yy=\dimen256
\pgf@zx=\dimen257
\pgf@zy=\dimen258
)
(C:\Program Files\MiKTeX\tex/generic/pgf/basiclayer\pgfcorepathconstruct.code.t
ex
File: pgfcorepathconstruct.code.tex 2025-08-29 v3.1.11a (3.1.11a)
\pgf@path@lastx=\dimen259
\pgf@path@lasty=\dimen260
)
(C:\Program Files\MiKTeX\tex/generic/pgf/basiclayer\pgfcorepathusage.code.tex
File: pgfcorepathusage.code.tex 2025-08-29 v3.1.11a (3.1.11a)
\pgf@shorten@end@additional=\dimen261
\pgf@shorten@start@additional=\dimen262
)
(C:\Program Files\MiKTeX\tex/generic/pgf/basiclayer\pgfcorescopes.code.tex
File: pgfcorescopes.code.tex 2025-08-29 v3.1.11a (3.1.11a)
\pgfpic=\box58
\pgf@hbox=\box59
\pgf@layerbox@main=\box60
\pgf@picture@serial@count=\count468
)
(C:\Program Files\MiKTeX\tex/generic/pgf/basiclayer\pgfcoregraphicstate.code.te
x
File: pgfcoregraphicstate.code.tex 2025-08-29 v3.1.11a (3.1.11a)
\pgflinewidth=\dimen263
)
(C:\Program Files\MiKTeX\tex/generic/pgf/basiclayer\pgfcoretransformations.code
.tex
File: pgfcoretransformations.code.tex 2025-08-29 v3.1.11a (3.1.11a)
\pgf@pt@x=\dimen264
\pgf@pt@y=\dimen265
\pgf@pt@temp=\dimen266
) (C:\Program Files\MiKTeX\tex/generic/pgf/basiclayer\pgfcorequick.code.tex
File: pgfcorequick.code.tex 2025-08-29 v3.1.11a (3.1.11a)
) (C:\Program Files\MiKTeX\tex/generic/pgf/basiclayer\pgfcoreobjects.code.tex
File: pgfcoreobjects.code.tex 2025-08-29 v3.1.11a (3.1.11a)
)
(C:\Program Files\MiKTeX\tex/generic/pgf/basiclayer\pgfcorepathprocessing.code.
tex
File: pgfcorepathprocessing.code.tex 2025-08-29 v3.1.11a (3.1.11a)
) (C:\Program Files\MiKTeX\tex/generic/pgf/basiclayer\pgfcorearrows.code.tex
File: pgfcorearrows.code.tex 2025-08-29 v3.1.11a (3.1.11a)
\pgfarrowsep=\dimen267
) (C:\Program Files\MiKTeX\tex/generic/pgf/basiclayer\pgfcoreshade.code.tex
File: pgfcoreshade.code.tex 2025-08-29 v3.1.11a (3.1.11a)
\pgf@max=\dimen268
\pgf@sys@shading@range@num=\count469
\pgf@shadingcount=\count470
)
(C:\Program Files\MiKTeX\tex/generic/pgf/basiclayer\pgfcoreimage.code.tex
File: pgfcoreimage.code.tex 2025-08-29 v3.1.11a (3.1.11a)
)
(C:\Program Files\MiKTeX\tex/generic/pgf/basiclayer\pgfcoreexternal.code.tex
File: pgfcoreexternal.code.tex 2025-08-29 v3.1.11a (3.1.11a)
\pgfexternal@startupbox=\box61
)
(C:\Program Files\MiKTeX\tex/generic/pgf/basiclayer\pgfcorelayers.code.tex
File: pgfcorelayers.code.tex 2025-08-29 v3.1.11a (3.1.11a)
)
(C:\Program Files\MiKTeX\tex/generic/pgf/basiclayer\pgfcoretransparency.code.te
x
File: pgfcoretransparency.code.tex 2025-08-29 v3.1.11a (3.1.11a)
) (C:\Program Files\MiKTeX\tex/generic/pgf/basiclayer\pgfcorepatterns.code.tex
File: pgfcorepatterns.code.tex 2025-08-29 v3.1.11a (3.1.11a)
) (C:\Program Files\MiKTeX\tex/generic/pgf/basiclayer\pgfcorerdf.code.tex
File: pgfcorerdf.code.tex 2025-08-29 v3.1.11a (3.1.11a)
)))
(C:\Program Files\MiKTeX\tex/generic/pgf/modules\pgfmoduleshapes.code.tex
File: pgfmoduleshapes.code.tex 2025-08-29 v3.1.11a (3.1.11a)
\pgfnodeparttextbox=\box62
)
(C:\Program Files\MiKTeX\tex/generic/pgf/modules\pgfmoduleplot.code.tex
File: pgfmoduleplot.code.tex 2025-08-29 v3.1.11a (3.1.11a)
)
(C:\Program Files\MiKTeX\tex/latex/pgf/compatibility\pgfcomp-version-0-65.sty
Package: pgfcomp-version-0-65 2025-08-29 v3.1.11a (3.1.11a)
\pgf@nodesepstart=\dimen269
\pgf@nodesepend=\dimen270
)
(C:\Program Files\MiKTeX\tex/latex/pgf/compatibility\pgfcomp-version-1-18.sty
Package: pgfcomp-version-1-18 2025-08-29 v3.1.11a (3.1.11a)
)) (C:\Program Files\MiKTeX\tex/latex/pgf/utilities\pgffor.sty
(C:\Program Files\MiKTeX\tex/latex/pgf/utilities\pgfkeys.sty
(C:\Program Files\MiKTeX\tex/generic/pgf/utilities\pgfkeys.code.tex))
(C:\Program Files\MiKTeX\tex/latex/pgf/math\pgfmath.sty
(C:\Program Files\MiKTeX\tex/generic/pgf/math\pgfmath.code.tex))
(C:\Program Files\MiKTeX\tex/generic/pgf/utilities\pgffor.code.tex
Package: pgffor 2025-08-29 v3.1.11a (3.1.11a)
\pgffor@iter=\dimen271
\pgffor@skip=\dimen272
\pgffor@stack=\toks45
\pgffor@toks=\toks46
))
(C:\Program Files\MiKTeX\tex/generic/pgf/frontendlayer/tikz\tikz.code.tex
Package: tikz 2025-08-29 v3.1.11a (3.1.11a)

(C:\Program Files\MiKTeX\tex/generic/pgf/libraries\pgflibraryplothandlers.code.
tex
File: pgflibraryplothandlers.code.tex 2025-08-29 v3.1.11a (3.1.11a)
\pgf@plot@mark@count=\count471
\pgfplotmarksize=\dimen273
)
\tikz@lastx=\dimen274
\tikz@lasty=\dimen275
\tikz@lastxsaved=\dimen276
\tikz@lastysaved=\dimen277
\tikz@lastmovetox=\dimen278
\tikz@lastmovetoy=\dimen279
\tikzleveldistance=\dimen280
\tikzsiblingdistance=\dimen281
\tikz@figbox=\box63
\tikz@figbox@bg=\box64
\tikz@tempbox=\box65
\tikz@tempbox@bg=\box66
\tikztreelevel=\count472
\tikznumberofchildren=\count473
\tikznumberofcurrentchild=\count474
\tikz@fig@count=\count475
 (C:\Program Files\MiKTeX\tex/generic/pgf/modules\pgfmodulematrix.code.tex
File: pgfmodulematrix.code.tex 2025-08-29 v3.1.11a (3.1.11a)
\pgfmatrixcurrentrow=\count476
\pgfmatrixcurrentcolumn=\count477
\pgf@matrix@numberofcolumns=\count478
)
\tikz@expandcount=\count479

(C:\Program Files\MiKTeX\tex/generic/pgf/frontendlayer/tikz/libraries\tikzlibra
rytopaths.code.tex
File: tikzlibrarytopaths.code.tex 2025-08-29 v3.1.11a (3.1.11a)
))) (C:\Program Files\MiKTeX\tex/latex/pgfplots\pgfplots.sty
(C:\Program Files\MiKTeX\tex/generic/pgfplots\pgfplots.revision.tex)
Package: pgfplots 2021/05/15 v1.18.1 Data Visualization (1.18.1)

(C:\Program Files\MiKTeX\tex/generic/pgfplots\pgfplots.code.tex
(C:\Program Files\MiKTeX\tex/generic/pgfplots\pgfplotscore.code.tex
\t@pgfplots@toka=\toks47
\t@pgfplots@tokb=\toks48
\t@pgfplots@tokc=\toks49
\pgfplots@tmpa=\dimen282
\c@pgfplots@coordindex=\count480
\c@pgfplots@scanlineindex=\count481

(C:\Program Files\MiKTeX\tex/generic/pgfplots/sys\pgfplotssysgeneric.code.tex))
(C:\Program Files\MiKTeX\tex/generic/pgfplots/libs\pgfplotslibrary.code.tex)
(C:\Program Files\MiKTeX\tex/generic/pgfplots/oldpgfcompatib\pgfplotsoldpgfsupp
_loader.code.tex
(C:\Program Files\MiKTeX\tex/generic/pgf/libraries\pgflibraryfpu.code.tex)
Package pgfplots: loading complementary utilities for your pgf version...
\t@pgf@toka=\toks50
\t@pgf@tokb=\toks51
\t@pgf@tokc=\toks52

(C:\Program Files\MiKTeX\tex/generic/pgfplots/oldpgfcompatib\pgfplotsoldpgfsupp
_pgfutil-common-lists.tex))
(C:\Program Files\MiKTeX\tex/generic/pgfplots/util\pgfplotsutil.code.tex
(C:\Program Files\MiKTeX\tex/generic/pgfplots/liststructure\pgfplotsliststructu
re.code.tex)
(C:\Program Files\MiKTeX\tex/generic/pgfplots/liststructure\pgfplotsliststructu
reext.code.tex)
(C:\Program Files\MiKTeX\tex/generic/pgfplots/liststructure\pgfplotsarray.code.
tex
\c@pgfplotsarray@tmp=\count482
)
(C:\Program Files\MiKTeX\tex/generic/pgfplots/liststructure\pgfplotsmatrix.code
.tex)
(C:\Program Files\MiKTeX\tex/generic/pgfplots/numtable\pgfplotstableshared.code
.tex
\c@pgfplotstable@counta=\count483
\t@pgfplotstable@a=\toks53
)
(C:\Program Files\MiKTeX\tex/generic/pgfplots/liststructure\pgfplotsdeque.code.
tex) (C:\Program Files\MiKTeX\tex/generic/pgfplots/util\pgfplotsbinary.code.tex

(C:\Program Files\MiKTeX\tex/generic/pgfplots/util\pgfplotsbinary.data.code.tex
))
(C:\Program Files\MiKTeX\tex/generic/pgfplots/util\pgfplotsutil.verb.code.tex)
(C:\Program Files\MiKTeX\tex/generic/pgfplots/libs\pgflibrarypgfplots.surfshadi
ng.code.tex
\c@pgfplotslibrarysurf@no=\count484

(C:\Program Files\MiKTeX\tex/generic/pgfplots/sys\pgflibrarypgfplots.surfshadin
g.pgfsys-pdftex.def)))
(C:\Program Files\MiKTeX\tex/generic/pgfplots/util\pgfplotscolormap.code.tex
(C:\Program Files\MiKTeX\tex/generic/pgfplots/util\pgfplotscolor.code.tex))
(C:\Program Files\MiKTeX\tex/generic/pgfplots\pgfplotsstackedplots.code.tex)
(C:\Program Files\MiKTeX\tex/generic/pgfplots\pgfplotsplothandlers.code.tex
(C:\Program Files\MiKTeX\tex/generic/pgfplots\pgfplotsmeshplothandler.code.tex
(C:\Program Files\MiKTeX\tex/generic/pgfplots\pgfplotsmeshplotimage.code.tex)))
(C:\Program Files\MiKTeX\tex/generic/pgfplots\pgfplots.scaling.code.tex)
(C:\Program Files\MiKTeX\tex/generic/pgfplots\pgfplotscoordprocessing.code.tex)
(C:\Program Files\MiKTeX\tex/generic/pgfplots\pgfplots.errorbars.code.tex)
(C:\Program Files\MiKTeX\tex/generic/pgfplots\pgfplots.markers.code.tex)
(C:\Program Files\MiKTeX\tex/generic/pgfplots\pgfplotsticks.code.tex)
(C:\Program Files\MiKTeX\tex/generic/pgfplots\pgfplots.paths.code.tex)
(C:\Program Files\MiKTeX\tex/generic/pgf/frontendlayer/tikz/libraries\tikzlibra
rydecorations.code.tex
(C:\Program Files\MiKTeX\tex/generic/pgf/modules\pgfmoduledecorations.code.tex
\pgfdecoratedcompleteddistance=\dimen283
\pgfdecoratedremainingdistance=\dimen284
\pgfdecoratedinputsegmentcompleteddistance=\dimen285
\pgfdecoratedinputsegmentremainingdistance=\dimen286
\pgf@decorate@distancetomove=\dimen287
\pgf@decorate@repeatstate=\count485
\pgfdecorationsegmentamplitude=\dimen288
\pgfdecorationsegmentlength=\dimen289
)
\tikz@lib@dec@box=\box67
)
(C:\Program Files\MiKTeX\tex/generic/pgf/frontendlayer/tikz/libraries\tikzlibra
rydecorations.pathmorphing.code.tex
(C:\Program Files\MiKTeX\tex/generic/pgf/libraries/decorations\pgflibrarydecora
tions.pathmorphing.code.tex))
(C:\Program Files\MiKTeX\tex/generic/pgf/frontendlayer/tikz/libraries\tikzlibra
rydecorations.pathreplacing.code.tex
(C:\Program Files\MiKTeX\tex/generic/pgf/libraries/decorations\pgflibrarydecora
tions.pathreplacing.code.tex))
(C:\Program Files\MiKTeX\tex/generic/pgfplots/libs\tikzlibrarypgfplots.contourl
ua.code.tex)
\pgfplots@numplots=\count486
\pgfplots@xmin@reg=\dimen290
\pgfplots@xmax@reg=\dimen291
\pgfplots@ymin@reg=\dimen292
\pgfplots@ymax@reg=\dimen293
\pgfplots@zmin@reg=\dimen294
\pgfplots@zmax@reg=\dimen295
)
(C:\Program Files\MiKTeX\tex/generic/pgf/frontendlayer/tikz/libraries\tikzlibra
ryplotmarks.code.tex
File: tikzlibraryplotmarks.code.tex 2025-08-29 v3.1.11a (3.1.11a)

(C:\Program Files\MiKTeX\tex/generic/pgf/libraries\pgflibraryplotmarks.code.tex
File: pgflibraryplotmarks.code.tex 2025-08-29 v3.1.11a (3.1.11a)
))) (C:\Users\VitorLISHA\AppData\Roaming\MiKTeX\tex/latex/units\nicefrac.sty
Package: nicefrac 1998/08/04 v0.9b Nice fractions
\L@UnitsRaiseDisplaystyle=\skip112
\L@UnitsRaiseTextstyle=\skip113
\L@UnitsRaiseScriptstyle=\skip114
)
(C:\Program Files\MiKTeX\tex/generic/pgfplots/libs\tikzlibrarypgfplots.external
.code.tex
(C:\Program Files\MiKTeX\tex/latex/pgf/frontendlayer/libraries\tikzlibraryexter
nal.code.tex (C:\Program Files\MiKTeX\tex/latex/base\atveryend-ltx.sty
Package: atveryend-ltx 2020/08/19 v1.0a Emulation of the original atveryend pac
kage
with kernel methods
)
(C:\Program Files\MiKTeX\tex/generic/pgf/frontendlayer/tikz/libraries\tikzexter
nalshared.code.tex))) (C:\Program Files\MiKTeX\tex/latex/base\fontenc.sty
Package: fontenc 2024/12/21 v2.1c Standard LaTeX package
)
(C:\Users\VitorLISHA\AppData\Roaming\MiKTeX\tex/latex/anyfontsize\anyfontsize.s
ty
Package: anyfontsize 2007/11/22 anyfontsize.sty by pts
) (C:\Users\VitorLISHA\AppData\Roaming\MiKTeX\tex/latex/was\upgreek.sty
Package: upgreek 2003/02/12 v2.0 (WaS)
Package upgreek Info: Using Euler Roman for upright Greek on input line 31.
\symugrf@m=\mathgroup6
LaTeX Font Info:    Overwriting symbol font `ugrf@m' in version `bold'
(Font)                  U/eur/m/n --> U/eur/b/n on input line 38.
)
(C:\Users\VitorLISHA\AppData\Roaming\MiKTeX\tex/latex/curtatex\curtamath.tex)
(C:\Users\VitorLISHA\AppData\Roaming\MiKTeX\tex/latex/curtatex\curtabold.tex)
(C:\Users\VitorLISHA\AppData\Roaming\MiKTeX\tex/latex/curtatex\curtaenv.tex))
(C:\Users\VitorLISHA\AppData\Roaming\MiKTeX\tex/latex/siunitx\siunitx.sty
Package: siunitx 2025-07-09 v3.4.14 A comprehensive (SI) units package
\l__siunitx_number_uncert_offset_int=\count487
\l__siunitx_number_exponent_fixed_int=\count488
\l__siunitx_number_min_decimal_int=\count489
\l__siunitx_number_min_integer_int=\count490
\l__siunitx_number_round_precision_int=\count491
\l__siunitx_number_lower_threshold_int=\count492
\l__siunitx_number_upper_threshold_int=\count493
\l__siunitx_number_group_first_int=\count494
\l__siunitx_number_group_size_int=\count495
\l__siunitx_number_group_minimum_int=\count496
\l__siunitx_angle_tmp_dim=\dimen296
\l__siunitx_angle_marker_box=\box68
\l__siunitx_angle_unit_box=\box69
\l__siunitx_compound_count_int=\count497

(C:\Users\VitorLISHA\AppData\Roaming\MiKTeX\tex/latex/translations\translations
.sty
Package: translations 2022/02/05 v1.12 internationalization of LaTeX2e packages
 (CN)
)
\l__siunitx_table_tmp_box=\box70
\l__siunitx_table_tmp_dim=\dimen297
\l__siunitx_table_column_width_dim=\dimen298
\l__siunitx_table_integer_box=\box71
\l__siunitx_table_decimal_box=\box72
\l__siunitx_table_uncert_box=\box73
\l__siunitx_table_before_box=\box74
\l__siunitx_table_after_box=\box75
\l__siunitx_table_before_dim=\dimen299
\l__siunitx_table_carry_dim=\dimen300
\l__siunitx_unit_tmp_int=\count498
\l__siunitx_unit_position_int=\count499
\l__siunitx_unit_total_int=\count500
 (C:\Program Files\MiKTeX\tex/latex/tools\array.sty
Package: array 2025/06/08 v2.6j Tabular extension package (FMi)
\col@sep=\dimen301
\ar@mcellbox=\box76
\extrarowheight=\dimen302
\NC@list=\toks54
\extratabsurround=\skip115
\backup@length=\skip116
\ar@cellbox=\box77
))
(C:\Users\VitorLISHA\AppData\Roaming\MiKTeX\tex/latex/titlesec\titlesec.sty
Package: titlesec 2025/01/04 v2.17 Sectioning titles
\ttl@box=\box78
\beforetitleunit=\skip117
\aftertitleunit=\skip118
\ttl@plus=\dimen303
\ttl@minus=\dimen304
\ttl@toksa=\toks55
\titlewidth=\dimen305
\titlewidthlast=\dimen306
\titlewidthfirst=\dimen307
)
(C:\Users\VitorLISHA\AppData\Roaming\MiKTeX\tex/latex/float\float.sty
Package: float 2001/11/08 v1.3d Float enhancements (AL)
\c@float@type=\count501
\float@exts=\toks56
\float@box=\box79
\@float@everytoks=\toks57
\@floatcapt=\box80
)
(C:\Program Files\MiKTeX\tex/generic/pgf/frontendlayer/tikz/libraries\tikzlibra
rypositioning.code.tex
File: tikzlibrarypositioning.code.tex 2025-08-29 v3.1.11a (3.1.11a)
)
(C:\Program Files\MiKTeX\tex/generic/pgf/frontendlayer/tikz/libraries\tikzlibra
rytrees.code.tex
File: tikzlibrarytrees.code.tex 2025-08-29 v3.1.11a (3.1.11a)
)
(C:\Program Files\MiKTeX\tex/generic/pgf/frontendlayer/tikz/libraries\tikzlibra
rymindmap.code.tex
File: tikzlibrarymindmap.code.tex 2025-08-29 v3.1.11a (3.1.11a)
) (setup/commands.tex)
Package csquotes Info: Checking for multilingual support...
Package csquotes Info: ... found 'babel' package.
Package csquotes Info: Adjusting default style.
Package csquotes Info: Redefining alias 'default' -> 'brazilian'.
 (main.aux
Package babel Info: 'brazilian' activates 'portuges' shorthands.
(babel)             Reported on input line 57.
)
\openout1 = `main.aux'.

LaTeX Font Info:    Checking defaults for OML/cmm/m/it on input line 15.
LaTeX Font Info:    ... okay on input line 15.
LaTeX Font Info:    Checking defaults for OMS/cmsy/m/n on input line 15.
LaTeX Font Info:    ... okay on input line 15.
LaTeX Font Info:    Checking defaults for OT1/cmr/m/n on input line 15.
LaTeX Font Info:    ... okay on input line 15.
LaTeX Font Info:    Checking defaults for T1/cmr/m/n on input line 15.
LaTeX Font Info:    ... okay on input line 15.
LaTeX Font Info:    Checking defaults for TS1/cmr/m/n on input line 15.
LaTeX Font Info:    ... okay on input line 15.
LaTeX Font Info:    Checking defaults for OMX/cmex/m/n on input line 15.
LaTeX Font Info:    ... okay on input line 15.
LaTeX Font Info:    Checking defaults for U/cmr/m/n on input line 15.
LaTeX Font Info:    ... okay on input line 15.
LaTeX Font Info:    Checking defaults for PD1/pdf/m/n on input line 15.
LaTeX Font Info:    ... okay on input line 15.
LaTeX Font Info:    Checking defaults for PU/pdf/m/n on input line 15.
LaTeX Font Info:    ... okay on input line 15.

*geometry* driver: auto-detecting
*geometry* detected driver: pdftex
*geometry* verbose mode - [ preamble ] result:
* driver: pdftex
* paper: <default>
* layout: <same size as paper>
* layoutoffset:(h,v)=(0.0pt,0.0pt)
* modes: 
* h-part:(L,W,R)=(72.26999pt, 469.75502pt, 72.26999pt)
* v-part:(T,H,B)=(72.26999pt, 650.43001pt, 72.26999pt)
* \paperwidth=614.295pt
* \paperheight=794.96999pt
* \textwidth=469.75502pt
* \textheight=650.43001pt
* \oddsidemargin=0.0pt
* \evensidemargin=0.0pt
* \topmargin=-37.0pt
* \headheight=18.0pt
* \headsep=25.0pt
* \topskip=10.0pt
* \footskip=30.0pt
* \marginparwidth=65.0pt
* \marginparsep=11.0pt
* \columnsep=10.0pt
* \skip\footins=9.0pt plus 4.0pt minus 2.0pt
* \hoffset=0.0pt
* \voffset=0.0pt
* \mag=1000
* \@twocolumnfalse
* \@twosidefalse
* \@mparswitchfalse
* \@reversemarginfalse
* (1in=72.27pt=25.4mm, 1cm=28.453pt)

Package hyperref Info: Link coloring ON on input line 15.
(main.out) (main.out)
\@outlinefile=\write5
\openout5 = `main.out'.

Package biblatex Info: Trying to load language 'brazilian'...
Package biblatex Info: ... file 'brazilian.lbx' found.

(C:\Program Files\MiKTeX\tex/latex/biblatex/lbx\brazilian.lbx
File: brazilian.lbx 2025/07/10 v3.21 biblatex localization (PK/MW)
)
Package biblatex Info: Input encoding 'utf8' detected.
Package biblatex Info: Automatic encoding selection.
(biblatex)             Assuming data encoding 'utf8'.
\openout3 = `main.bcf'.

Package biblatex Info: Trying to load bibliographic data...
Package biblatex Info: ... file 'main.bbl' found.
 (main.bbl)
Package biblatex Info: Reference section=0 on input line 15.
Package biblatex Info: Reference segment=0 on input line 15.

(C:\Program Files\MiKTeX\tex/context/base/mkii\supp-pdf.mkii
[Loading MPS to PDF converter (version 2006.09.02).]
\scratchcounter=\count502
\scratchdimen=\dimen308
\scratchbox=\box81
\nofMPsegments=\count503
\nofMParguments=\count504
\everyMPshowfont=\toks58
\MPscratchCnt=\count505
\MPscratchDim=\dimen309
\MPnumerator=\count506
\makeMPintoPDFobject=\count507
\everyMPtoPDFconversion=\toks59
) (C:\Program Files\MiKTeX\tex/latex/epstopdf-pkg\epstopdf-base.sty
Package: epstopdf-base 2020-01-24 v2.11 Base part for package epstopdf
Package epstopdf-base Info: Redefining graphics rule for `.eps' on input line 4
85.

(C:\Program Files\MiKTeX\tex/latex/00miktex\epstopdf-sys.cfg
File: epstopdf-sys.cfg 2021/03/18 v2.0 Configuration of epstopdf for MiKTeX
))
LaTeX Font Info:    Trying to load font information for U+msa on input line 15.


(C:\Program Files\MiKTeX\tex/latex/amsfonts\umsa.fd
File: umsa.fd 2013/01/14 v3.01 AMS symbols A
)
LaTeX Font Info:    Trying to load font information for U+msb on input line 15.


(C:\Program Files\MiKTeX\tex/latex/amsfonts\umsb.fd
File: umsb.fd 2013/01/14 v3.01 AMS symbols B
)

Package pgfplots Warning: running in backwards compatibility mode (unsuitable t
ick labels; missing features). Consider writing \pgfplotsset{compat=1.18} into 
your preamble.
 on input line 15.


(C:\Users\VitorLISHA\AppData\Roaming\MiKTeX\tex/latex/translations/dicts\transl
ations-basic-dictionary-brazil.trsl
File: translations-basic-dictionary-brazil.trsl (brazil translation file `trans
lations-basic-dictionary')
)
Package translations Info: loading dictionary `translations-basic-dictionary' f
or `brazil'. on input line 15.
 (parts/1.Intro.tex
Overfull \hbox (8.63367pt too wide) in paragraph at lines 17--18
[]\OT1/cmr/m/n/10 O mo-delo TEOS-10 [[][]7[][]] ^^Se ou-tro m^^Setodo para es-t
ima^^Xc~ao do SSF, re-sol-vendo equa^^Xc~oes qu^^S^^Pmico-termodin^amicas
 []



<setup/logos/ufsc.pdf, id=137, 349.305pt x 376.40625pt>
File: setup/logos/ufsc.pdf Graphic file (type pdf)
<use setup/logos/ufsc.pdf>
Package pdftex.def Info: setup/logos/ufsc.pdf  used on input line 24.
(pdftex.def)             Requested size: 13.19698pt x 14.22636pt.
<setup/logos/obnzip.png, id=138, 60.225pt x 60.225pt>
File: setup/logos/obnzip.png Graphic file (type png)
<use setup/logos/obnzip.png>
Package pdftex.def Info: setup/logos/obnzip.png  used on input line 24.
(pdftex.def)             Requested size: 14.22638pt x 14.22636pt.
<setup/logos/petrobras.pdf, id=140, 600.75056pt x 598.486pt>
File: setup/logos/petrobras.pdf Graphic file (type pdf)
<use setup/logos/petrobras.pdf>
Package pdftex.def Info: setup/logos/petrobras.pdf  used on input line 24.
(pdftex.def)             Requested size: 14.27255pt x 14.22636pt.
[1{C:/Users/VitorLISHA/AppData/Local/MiKTeX/fonts/map/pdftex/pdftex.map}

 <./setup/logos/ufsc.pdf> <./setup/logos/obnzip.png> <./setup/logos/petrobras.p
df>]

File: setup/logos/ufsc.pdf Graphic file (type pdf)
<use setup/logos/ufsc.pdf>
Package pdftex.def Info: setup/logos/ufsc.pdf  used on input line 52.
(pdftex.def)             Requested size: 13.19698pt x 14.22636pt.
File: setup/logos/obnzip.png Graphic file (type png)
<use setup/logos/obnzip.png>
Package pdftex.def Info: setup/logos/obnzip.png  used on input line 52.
(pdftex.def)             Requested size: 14.22638pt x 14.22636pt.
File: setup/logos/petrobras.pdf Graphic file (type pdf)
<use setup/logos/petrobras.pdf>
Package pdftex.def Info: setup/logos/petrobras.pdf  used on input line 52.
(pdftex.def)             Requested size: 14.27255pt x 14.22636pt.
[2] (figures/1.Mindmap.tex

File: setup/logos/ufsc.pdf Graphic file (type pdf)
<use setup/logos/ufsc.pdf>
Package pdftex.def Info: setup/logos/ufsc.pdf  used on input line 45.
(pdftex.def)             Requested size: 13.19698pt x 14.22636pt.
File: setup/logos/obnzip.png Graphic file (type png)
<use setup/logos/obnzip.png>
Package pdftex.def Info: setup/logos/obnzip.png  used on input line 45.
(pdftex.def)             Requested size: 14.22638pt x 14.22636pt.
File: setup/logos/petrobras.pdf Graphic file (type pdf)
<use setup/logos/petrobras.pdf>
Package pdftex.def Info: setup/logos/petrobras.pdf  used on input line 45.
(pdftex.def)             Requested size: 14.27255pt x 14.22636pt.
[3])) (parts/2.Revisao_TTT.tex

File: setup/logos/ufsc.pdf Graphic file (type pdf)
<use setup/logos/ufsc.pdf>
Package pdftex.def Info: setup/logos/ufsc.pdf  used on input line 11.
(pdftex.def)             Requested size: 13.19698pt x 14.22636pt.
File: setup/logos/obnzip.png Graphic file (type png)
<use setup/logos/obnzip.png>
Package pdftex.def Info: setup/logos/obnzip.png  used on input line 11.
(pdftex.def)             Requested size: 14.22638pt x 14.22636pt.
File: setup/logos/petrobras.pdf Graphic file (type pdf)
<use setup/logos/petrobras.pdf>
Package pdftex.def Info: setup/logos/petrobras.pdf  used on input line 11.
(pdftex.def)             Requested size: 14.27255pt x 14.22636pt.
[4
pdfTeX warning (ext4): destination with the same identifier (name{figure.1}) ha
s been already used, duplicate ignored
<argument> ...shipout:D \box_use:N \l_shipout_box 
                                                  \__shipout_drop_firstpage_...
l.11 
     ]

File: setup/logos/ufsc.pdf Graphic file (type pdf)
<use setup/logos/ufsc.pdf>
Package pdftex.def Info: setup/logos/ufsc.pdf  used on input line 47.
(pdftex.def)             Requested size: 13.19698pt x 14.22636pt.
File: setup/logos/obnzip.png Graphic file (type png)
<use setup/logos/obnzip.png>
Package pdftex.def Info: setup/logos/obnzip.png  used on input line 47.
(pdftex.def)             Requested size: 14.22638pt x 14.22636pt.
File: setup/logos/petrobras.pdf Graphic file (type pdf)
<use setup/logos/petrobras.pdf>
Package pdftex.def Info: setup/logos/petrobras.pdf  used on input line 47.
(pdftex.def)             Requested size: 14.27255pt x 14.22636pt.
[5]

File: setup/logos/ufsc.pdf Graphic file (type pdf)
<use setup/logos/ufsc.pdf>
Package pdftex.def Info: setup/logos/ufsc.pdf  used on input line 66.
(pdftex.def)             Requested size: 13.19698pt x 14.22636pt.
File: setup/logos/obnzip.png Graphic file (type png)
<use setup/logos/obnzip.png>
Package pdftex.def Info: setup/logos/obnzip.png  used on input line 66.
(pdftex.def)             Requested size: 14.22638pt x 14.22636pt.
File: setup/logos/petrobras.pdf Graphic file (type pdf)
<use setup/logos/petrobras.pdf>
Package pdftex.def Info: setup/logos/petrobras.pdf  used on input line 66.
(pdftex.def)             Requested size: 14.27255pt x 14.22636pt.
[6
pdfTeX warning (ext4): destination with the same identifier (name{table.1}) has
 been already used, duplicate ignored
<argument> ...shipout:D \box_use:N \l_shipout_box 
                                                  \__shipout_drop_firstpage_...
l.66 
     ] (figures/2.Mindmap.tex)

File: setup/logos/ufsc.pdf Graphic file (type pdf)
<use setup/logos/ufsc.pdf>
Package pdftex.def Info: setup/logos/ufsc.pdf  used on input line 79.
(pdftex.def)             Requested size: 13.19698pt x 14.22636pt.
File: setup/logos/obnzip.png Graphic file (type png)
<use setup/logos/obnzip.png>
Package pdftex.def Info: setup/logos/obnzip.png  used on input line 79.
(pdftex.def)             Requested size: 14.22638pt x 14.22636pt.
File: setup/logos/petrobras.pdf Graphic file (type pdf)
<use setup/logos/petrobras.pdf>
Package pdftex.def Info: setup/logos/petrobras.pdf  used on input line 79.
(pdftex.def)             Requested size: 14.27255pt x 14.22636pt.
[7
pdfTeX warning (ext4): destination with the same identifier (name{figure.2}) ha
s been already used, duplicate ignored
<argument> ...shipout:D \box_use:N \l_shipout_box 
                                                  \__shipout_drop_firstpage_...
l.79 \begin{equation}
                     ]) (parts/3.Revisão_invTT.tex

File: setup/logos/ufsc.pdf Graphic file (type pdf)
<use setup/logos/ufsc.pdf>
Package pdftex.def Info: setup/logos/ufsc.pdf  used on input line 27.
(pdftex.def)             Requested size: 13.19698pt x 14.22636pt.
File: setup/logos/obnzip.png Graphic file (type png)
<use setup/logos/obnzip.png>
Package pdftex.def Info: setup/logos/obnzip.png  used on input line 27.
(pdftex.def)             Requested size: 14.22638pt x 14.22636pt.
File: setup/logos/petrobras.pdf Graphic file (type pdf)
<use setup/logos/petrobras.pdf>
Package pdftex.def Info: setup/logos/petrobras.pdf  used on input line 27.
(pdftex.def)             Requested size: 14.27255pt x 14.22636pt.
[8]

File: setup/logos/ufsc.pdf Graphic file (type pdf)
<use setup/logos/ufsc.pdf>
Package pdftex.def Info: setup/logos/ufsc.pdf  used on input line 59.
(pdftex.def)             Requested size: 13.19698pt x 14.22636pt.
File: setup/logos/obnzip.png Graphic file (type png)
<use setup/logos/obnzip.png>
Package pdftex.def Info: setup/logos/obnzip.png  used on input line 59.
(pdftex.def)             Requested size: 14.22638pt x 14.22636pt.
File: setup/logos/petrobras.pdf Graphic file (type pdf)
<use setup/logos/petrobras.pdf>
Package pdftex.def Info: setup/logos/petrobras.pdf  used on input line 59.
(pdftex.def)             Requested size: 14.27255pt x 14.22636pt.
[9]) (parts/4.Revisao_iSSF.tex

File: setup/logos/ufsc.pdf Graphic file (type pdf)
<use setup/logos/ufsc.pdf>
Package pdftex.def Info: setup/logos/ufsc.pdf  used on input line 4.
(pdftex.def)             Requested size: 13.19698pt x 14.22636pt.
File: setup/logos/obnzip.png Graphic file (type png)
<use setup/logos/obnzip.png>
Package pdftex.def Info: setup/logos/obnzip.png  used on input line 4.
(pdftex.def)             Requested size: 14.22638pt x 14.22636pt.
File: setup/logos/petrobras.pdf Graphic file (type pdf)
<use setup/logos/petrobras.pdf>
Package pdftex.def Info: setup/logos/petrobras.pdf  used on input line 4.
(pdftex.def)             Requested size: 14.27255pt x 14.22636pt.
[10]

File: setup/logos/ufsc.pdf Graphic file (type pdf)
<use setup/logos/ufsc.pdf>
Package pdftex.def Info: setup/logos/ufsc.pdf  used on input line 30.
(pdftex.def)             Requested size: 13.19698pt x 14.22636pt.
File: setup/logos/obnzip.png Graphic file (type png)
<use setup/logos/obnzip.png>
Package pdftex.def Info: setup/logos/obnzip.png  used on input line 30.
(pdftex.def)             Requested size: 14.22638pt x 14.22636pt.
File: setup/logos/petrobras.pdf Graphic file (type pdf)
<use setup/logos/petrobras.pdf>
Package pdftex.def Info: setup/logos/petrobras.pdf  used on input line 30.
(pdftex.def)             Requested size: 14.27255pt x 14.22636pt.
[11]
Overfull \hbox (16.24474pt too wide) in paragraph at lines 33--34
[]\OT1/cmr/m/n/10 - Prop~oe dois mo-de-los ino-va-do-res para in-vers~ao de SSF
 con-si-de-rando in-forma^^Xc~oes n~ao confi^^Saveis/inacess^^S^^Pveis
 []



File: setup/logos/ufsc.pdf Graphic file (type pdf)
<use setup/logos/ufsc.pdf>
Package pdftex.def Info: setup/logos/ufsc.pdf  used on input line 67.
(pdftex.def)             Requested size: 13.19698pt x 14.22636pt.
File: setup/logos/obnzip.png Graphic file (type png)
<use setup/logos/obnzip.png>
Package pdftex.def Info: setup/logos/obnzip.png  used on input line 67.
(pdftex.def)             Requested size: 14.22638pt x 14.22636pt.
File: setup/logos/petrobras.pdf Graphic file (type pdf)
<use setup/logos/petrobras.pdf>
Package pdftex.def Info: setup/logos/petrobras.pdf  used on input line 67.
(pdftex.def)             Requested size: 14.27255pt x 14.22636pt.
[12]) (parts/5.Analise_revs.tex

File: setup/logos/ufsc.pdf Graphic file (type pdf)
<use setup/logos/ufsc.pdf>
Package pdftex.def Info: setup/logos/ufsc.pdf  used on input line 5.
(pdftex.def)             Requested size: 13.19698pt x 14.22636pt.
File: setup/logos/obnzip.png Graphic file (type png)
<use setup/logos/obnzip.png>
Package pdftex.def Info: setup/logos/obnzip.png  used on input line 5.
(pdftex.def)             Requested size: 14.22638pt x 14.22636pt.
File: setup/logos/petrobras.pdf Graphic file (type pdf)
<use setup/logos/petrobras.pdf>
Package pdftex.def Info: setup/logos/petrobras.pdf  used on input line 5.
(pdftex.def)             Requested size: 14.27255pt x 14.22636pt.
[13]

File: setup/logos/ufsc.pdf Graphic file (type pdf)
<use setup/logos/ufsc.pdf>
Package pdftex.def Info: setup/logos/ufsc.pdf  used on input line 214.
(pdftex.def)             Requested size: 13.19698pt x 14.22636pt.
File: setup/logos/obnzip.png Graphic file (type png)
<use setup/logos/obnzip.png>
Package pdftex.def Info: setup/logos/obnzip.png  used on input line 214.
(pdftex.def)             Requested size: 14.22638pt x 14.22636pt.
File: setup/logos/petrobras.pdf Graphic file (type pdf)
<use setup/logos/petrobras.pdf>
Package pdftex.def Info: setup/logos/petrobras.pdf  used on input line 214.
(pdftex.def)             Requested size: 14.27255pt x 14.22636pt.
[14
pdfTeX warning (ext4): destination with the same identifier (name{table.2}) has
 been already used, duplicate ignored
<argument> ...shipout:D \box_use:N \l_shipout_box 
                                                  \__shipout_drop_firstpage_...
l.214 
      
pdfTeX warning (ext4): destination with the same identifier (name{table.3}) has
 been already used, duplicate ignored
<argument> ...shipout:D \box_use:N \l_shipout_box 
                                                  \__shipout_drop_firstpage_...
l.214 
      ]

File: setup/logos/ufsc.pdf Graphic file (type pdf)
<use setup/logos/ufsc.pdf>
Package pdftex.def Info: setup/logos/ufsc.pdf  used on input line 438.
(pdftex.def)             Requested size: 13.19698pt x 14.22636pt.
File: setup/logos/obnzip.png Graphic file (type png)
<use setup/logos/obnzip.png>
Package pdftex.def Info: setup/logos/obnzip.png  used on input line 438.
(pdftex.def)             Requested size: 14.22638pt x 14.22636pt.
File: setup/logos/petrobras.pdf Graphic file (type pdf)
<use setup/logos/petrobras.pdf>
Package pdftex.def Info: setup/logos/petrobras.pdf  used on input line 438.
(pdftex.def)             Requested size: 14.27255pt x 14.22636pt.
[15
pdfTeX warning (ext4): destination with the same identifier (name{table.4}) has
 been already used, duplicate ignored
<argument> ...shipout:D \box_use:N \l_shipout_box 
                                                  \__shipout_drop_firstpage_...
l.438 
      
pdfTeX warning (ext4): destination with the same identifier (name{table.5}) has
 been already used, duplicate ignored
<argument> ...shipout:D \box_use:N \l_shipout_box 
                                                  \__shipout_drop_firstpage_...
l.438 
      
pdfTeX warning (ext4): destination with the same identifier (name{table.6}) has
 been already used, duplicate ignored
<argument> ...shipout:D \box_use:N \l_shipout_box 
                                                  \__shipout_drop_firstpage_...
l.438 
      ])

File: setup/logos/ufsc.pdf Graphic file (type pdf)
<use setup/logos/ufsc.pdf>
Package pdftex.def Info: setup/logos/ufsc.pdf  used on input line 21.
(pdftex.def)             Requested size: 13.19698pt x 14.22636pt.
File: setup/logos/obnzip.png Graphic file (type png)
<use setup/logos/obnzip.png>
Package pdftex.def Info: setup/logos/obnzip.png  used on input line 21.
(pdftex.def)             Requested size: 14.22638pt x 14.22636pt.
File: setup/logos/petrobras.pdf Graphic file (type pdf)
<use setup/logos/petrobras.pdf>
Package pdftex.def Info: setup/logos/petrobras.pdf  used on input line 21.
(pdftex.def)             Requested size: 14.27255pt x 14.22636pt.
[16
pdfTeX warning (ext4): destination with the same identifier (name{table.7}) has
 been already used, duplicate ignored
<argument> ...shipout:D \box_use:N \l_shipout_box 
                                                  \__shipout_drop_firstpage_...
l.21 	\printbibliography[]
                          	
pdfTeX warning (ext4): destination with the same identifier (name{table.8}) has
 been already used, duplicate ignored
<argument> ...shipout:D \box_use:N \l_shipout_box 
                                                  \__shipout_drop_firstpage_...
l.21 	\printbibliography[]
                          	]

File: setup/logos/ufsc.pdf Graphic file (type pdf)
<use setup/logos/ufsc.pdf>
Package pdftex.def Info: setup/logos/ufsc.pdf  used on input line 21.
(pdftex.def)             Requested size: 13.19698pt x 14.22636pt.
File: setup/logos/obnzip.png Graphic file (type png)
<use setup/logos/obnzip.png>
Package pdftex.def Info: setup/logos/obnzip.png  used on input line 21.
(pdftex.def)             Requested size: 14.22638pt x 14.22636pt.
File: setup/logos/petrobras.pdf Graphic file (type pdf)
<use setup/logos/petrobras.pdf>
Package pdftex.def Info: setup/logos/petrobras.pdf  used on input line 21.
(pdftex.def)             Requested size: 14.27255pt x 14.22636pt.
[17]
Overfull \hbox (8.78825pt too wide) in paragraph at lines 21--21
[]\OT1/cmr/m/n/9 B.[]S. Shin e D. Shu-tin, \  Dis-tri-bu-ted Tra-vel-time To-mo
-graphy Using Kernel-Based Re-gres-sion in Seis-mic Networks,"
 []



File: setup/logos/ufsc.pdf Graphic file (type pdf)
<use setup/logos/ufsc.pdf>
Package pdftex.def Info: setup/logos/ufsc.pdf  used on input line 21.
(pdftex.def)             Requested size: 13.19698pt x 14.22636pt.
File: setup/logos/obnzip.png Graphic file (type png)
<use setup/logos/obnzip.png>
Package pdftex.def Info: setup/logos/obnzip.png  used on input line 21.
(pdftex.def)             Requested size: 14.22638pt x 14.22636pt.
File: setup/logos/petrobras.pdf Graphic file (type pdf)
<use setup/logos/petrobras.pdf>
Package pdftex.def Info: setup/logos/petrobras.pdf  used on input line 21.
(pdftex.def)             Requested size: 14.27255pt x 14.22636pt.
[18]

File: setup/logos/ufsc.pdf Graphic file (type pdf)
<use setup/logos/ufsc.pdf>
Package pdftex.def Info: setup/logos/ufsc.pdf  used on input line 21.
(pdftex.def)             Requested size: 13.19698pt x 14.22636pt.
File: setup/logos/obnzip.png Graphic file (type png)
<use setup/logos/obnzip.png>
Package pdftex.def Info: setup/logos/obnzip.png  used on input line 21.
(pdftex.def)             Requested size: 14.22638pt x 14.22636pt.
File: setup/logos/petrobras.pdf Graphic file (type pdf)
<use setup/logos/petrobras.pdf>
Package pdftex.def Info: setup/logos/petrobras.pdf  used on input line 21.
(pdftex.def)             Requested size: 14.27255pt x 14.22636pt.
[19] (parts/A.ModeloPadrao_TTT.tex

File: setup/logos/ufsc.pdf Graphic file (type pdf)
<use setup/logos/ufsc.pdf>
Package pdftex.def Info: setup/logos/ufsc.pdf  used on input line 10.
(pdftex.def)             Requested size: 13.19698pt x 14.22636pt.
File: setup/logos/obnzip.png Graphic file (type png)
<use setup/logos/obnzip.png>
Package pdftex.def Info: setup/logos/obnzip.png  used on input line 10.
(pdftex.def)             Requested size: 14.22638pt x 14.22636pt.
File: setup/logos/petrobras.pdf Graphic file (type pdf)
<use setup/logos/petrobras.pdf>
Package pdftex.def Info: setup/logos/petrobras.pdf  used on input line 10.
(pdftex.def)             Requested size: 14.27255pt x 14.22636pt.
[20]

File: setup/logos/ufsc.pdf Graphic file (type pdf)
<use setup/logos/ufsc.pdf>
Package pdftex.def Info: setup/logos/ufsc.pdf  used on input line 46.
(pdftex.def)             Requested size: 13.19698pt x 14.22636pt.
File: setup/logos/obnzip.png Graphic file (type png)
<use setup/logos/obnzip.png>
Package pdftex.def Info: setup/logos/obnzip.png  used on input line 46.
(pdftex.def)             Requested size: 14.22638pt x 14.22636pt.
File: setup/logos/petrobras.pdf Graphic file (type pdf)
<use setup/logos/petrobras.pdf>
Package pdftex.def Info: setup/logos/petrobras.pdf  used on input line 46.
(pdftex.def)             Requested size: 14.27255pt x 14.22636pt.
[21]

File: setup/logos/ufsc.pdf Graphic file (type pdf)
<use setup/logos/ufsc.pdf>
Package pdftex.def Info: setup/logos/ufsc.pdf  used on input line 75.
(pdftex.def)             Requested size: 13.19698pt x 14.22636pt.
File: setup/logos/obnzip.png Graphic file (type png)
<use setup/logos/obnzip.png>
Package pdftex.def Info: setup/logos/obnzip.png  used on input line 75.
(pdftex.def)             Requested size: 14.22638pt x 14.22636pt.
File: setup/logos/petrobras.pdf Graphic file (type pdf)
<use setup/logos/petrobras.pdf>
Package pdftex.def Info: setup/logos/petrobras.pdf  used on input line 75.
(pdftex.def)             Requested size: 14.27255pt x 14.22636pt.
[22]
Overfull \hbox (8.83746pt too wide) in paragraph at lines 97--98
[]\OT1/cmr/m/n/10 Para al-can^^Xcar isso, a fun^^Xc~ao de re-gu-la-riza^^Xc~ao 
pre-cisa ser adap-tada, de modo que $\OML/cmm/m/it/10 P[]\OT1/cmr/m/n/10 ([][])
 = \OML/cmm/m/it/10 [] [][]$\OT1/cmr/m/n/10 ;
 []

)

File: setup/logos/ufsc.pdf Graphic file (type pdf)
<use setup/logos/ufsc.pdf>
Package pdftex.def Info: setup/logos/ufsc.pdf  used on input line 26.
(pdftex.def)             Requested size: 13.19698pt x 14.22636pt.
File: setup/logos/obnzip.png Graphic file (type png)
<use setup/logos/obnzip.png>
Package pdftex.def Info: setup/logos/obnzip.png  used on input line 26.
(pdftex.def)             Requested size: 14.22638pt x 14.22636pt.
File: setup/logos/petrobras.pdf Graphic file (type pdf)
<use setup/logos/petrobras.pdf>
Package pdftex.def Info: setup/logos/petrobras.pdf  used on input line 26.
(pdftex.def)             Requested size: 14.27255pt x 14.22636pt.
[23] (main.aux
Package cleveref Info: loaded `brazilian' language definitions on input line 57
.
)
 ***********
LaTeX2e <2025-06-01> patch level 1
L3 programming layer <2025-09-02>
 ***********
Package rerunfilecheck Info: File `main.out' has not changed.
(rerunfilecheck)             Checksum: 130DDE39262089BE7DE4D7D58D0B5F60;6206.
Package logreq Info: Writing requests to 'main.run.xml'.
\openout1 = `main.run.xml'.

 ) 
Here is how much of TeX's memory you used:
 49045 strings out of 468081
 1150494 string characters out of 5435841
 2117663 words of memory out of 5000000
 76780 multiletter control sequences out of 15000+600000
 650106 words of font info for 118 fonts, out of 8000000 for 9000
 1141 hyphenation exceptions out of 8191
 103i,16n,106p,1150b,2168s stack positions out of 10000i,1000n,20000p,200000b,200000s
 <C:\Users\VitorLISHA\AppData\Local\MiKTeX\fonts/pk/ljfour/jknappen/ec/dpi600
\tcrm1000.pk><C:/Program Files/MiKTeX/fonts/type1/public/amsfonts/cm/cmbx10.pfb
><C:/Program Files/MiKTeX/fonts/type1/public/amsfonts/cm/cmbx12.pfb><C:/Program
 Files/MiKTeX/fonts/type1/public/amsfonts/cm/cmbx7.pfb><C:/Program Files/MiKTeX
/fonts/type1/public/amsfonts/cm/cmbx8.pfb><C:/Program Files/MiKTeX/fonts/type1/
public/amsfonts/cm/cmbx9.pfb><C:/Program Files/MiKTeX/fonts/type1/public/amsfon
ts/cm/cmbxsl10.pfb><C:/Program Files/MiKTeX/fonts/type1/public/amsfonts/cm/cmbx
ti10.pfb><C:/Program Files/MiKTeX/fonts/type1/public/amsfonts/cm/cmcsc10.pfb><C
:/Program Files/MiKTeX/fonts/type1/public/amsfonts/cm/cmex10.pfb><C:/Program Fi
les/MiKTeX/fonts/type1/public/amsfonts/cm/cmmi10.pfb><C:/Program Files/MiKTeX/f
onts/type1/public/amsfonts/cm/cmmi5.pfb><C:/Program Files/MiKTeX/fonts/type1/pu
blic/amsfonts/cm/cmmi6.pfb><C:/Program Files/MiKTeX/fonts/type1/public/amsfonts
/cm/cmmi7.pfb><C:/Program Files/MiKTeX/fonts/type1/public/amsfonts/cm/cmmi9.pfb
><C:/Program Files/MiKTeX/fonts/type1/public/amsfonts/cm/cmr10.pfb><C:/Program 
Files/MiKTeX/fonts/type1/public/amsfonts/cm/cmr5.pfb><C:/Program Files/MiKTeX/f
onts/type1/public/amsfonts/cm/cmr6.pfb><C:/Program Files/MiKTeX/fonts/type1/pub
lic/amsfonts/cm/cmr7.pfb><C:/Program Files/MiKTeX/fonts/type1/public/amsfonts/c
m/cmr8.pfb><C:/Program Files/MiKTeX/fonts/type1/public/amsfonts/cm/cmr9.pfb><C:
/Program Files/MiKTeX/fonts/type1/public/amsfonts/cm/cmsl10.pfb><C:/Program Fil
es/MiKTeX/fonts/type1/public/amsfonts/cm/cmsl8.pfb><C:/Program Files/MiKTeX/fon
ts/type1/public/amsfonts/cm/cmsl9.pfb><C:/Program Files/MiKTeX/fonts/type1/publ
ic/amsfonts/cm/cmss8.pfb><C:/Program Files/MiKTeX/fonts/type1/public/amsfonts/c
m/cmss9.pfb><C:/Program Files/MiKTeX/fonts/type1/public/amsfonts/cm/cmsy10.pfb>
<C:/Program Files/MiKTeX/fonts/type1/public/amsfonts/cm/cmti10.pfb><C:/Program 
Files/MiKTeX/fonts/type1/public/amsfonts/cm/cmti9.pfb><C:/Program Files/MiKTeX/
fonts/type1/public/amsfonts/symbols/msbm10.pfb>
Output written on main.pdf (23 pages, 836723 bytes).
PDF statistics:
 1091 PDF objects out of 1200 (max. 8388607)
 183 named destinations out of 1000 (max. 500000)
 314 words of extra memory for PDF output out of 10000 (max. 10000000)

